#$(time) $(c_NaMSD[1]) $(c_NaMSD[2]) $(c_NaMSD[3]) $(c_NaMSD[4])
0 0 0 0 0
0.5 0 0 0 0
1 0 0 0 0
1.5 0 0 0 0
2 5.4782007307014715521e-31 0 0 5.4782007307014715521e-31
2.5 4.0248005368418970558e-31 9.273140436883732498e-30 0 9.6756204905679217657e-30
3 3.0814879110195773649e-31 1.9721522630525295135e-31 0 5.0536401740721068784e-31
3.5 8.7651211691223529069e-32 1.5582437633995294057e-31 0 2.4347558803117646964e-31
4 7.0997481469891081755e-32 1.2621774483536188887e-29 0 1.2692771965006079837e-29
4.5 5.8675604520571138599e-32 1.0431218581434865737e-29 0 1.0489894185955436492e-29
5 4.9303806576313237838e-32 1.2621774483536188887e-29 0 1.2671078290112502124e-29
5.5 4.2010344065024303872e-32 1.0754648080646221791e-29 0 1.0796658424711246478e-29
6 3.6223204831577069123e-32 1.2621774483536188887e-29 0 1.2657997688367766131e-29
6.5 1.0132480071505439207e-30 0 0 1.0132480071505439207e-30
7 1.232595164407830946e-32 0 0 1.232595164407830946e-32
7.5 1.0918490037661063382e-32 0 0 1.0918490037661063382e-32
8 5.4782007307014715521e-31 0 0 5.4782007307014715521e-31
8.5 1.9666892373931040572e-32 0 0 1.9666892373931040572e-32
9 5.0487097934144765355e-31 0 0 5.0487097934144765355e-31
9.5 2.8620803817542373711e-32 0 0 2.8620803817542373711e-32
10 2.6078046453587167845e-32 0 0 2.6078046453587167845e-32
10.5 2.3859687114435137582e-32 0 0 2.3859687114435137582e-32
11 2.1912802922805882267e-32 0 0 2.1912802922805882267e-32
11.5 2.0194839173657903186e-32 0 0 2.0194839173657903186e-32
12 1.8671264028899690002e-32 0 0 1.8671264028899690002e-32
12.5 5.2374304269817531705e-31 1.1704142045089800204e-29 0 1.2227885087787975696e-29
13 2.5155003355261851125e-32 1.6099202147367586581e-32 0 4.1254205502629434969e-32
13.5 2.3450086362099031977e-32 1.5008055271743386158e-32 0 3.8458141633842420872e-32
14 2.1912802922805874057e-32 1.4024193870595765417e-32 0 3.5936996793401639474e-32
14.5 2.0521875786186562729e-32 1.3134000503159404197e-32 0 3.3655876289345964189e-32
15 1.9259299443872353057e-32 1.232595164407830946e-32 0 3.1585251087950662516e-32
15.5 1.8109754481657748149e-32 1.1590242868260964399e-32 0 2.9699997349918715285e-32
16 9.8539372589891097366e-31 1.0918490037661063382e-32 0 9.9631221593657202883e-31
16.5 1.0303489374315251142e-32 1.0303489374315255248e-32 0 2.0606978748630507758e-32
17 9.7390235212470533116e-33 9.7390235212470587854e-33 0 1.9478047042494112097e-32
17.5 5.9006104232747715436e-31 1.1294137138299365552e-29 0 1.1884198180626843057e-29
18 1.3657564148563211064e-32 3.4963364220321847473e-32 0 4.8620928368885061274e-32
18.5 1.2966155575624769062e-32 3.3193358273599440985e-32 0 4.6159513849224210047e-32
19 1.2325951644078298512e-32 3.1554436208840478347e-32 0 4.3880387852918776859e-32
19.5 1.1732018221609328881e-32 3.0033966647319903612e-32 0 4.1765984868929233861e-32
20 1.1180001491227482546e-32 2.8620803817542373711e-32 0 3.9800805308769857626e-32
20.5 1.0666047934302477701e-32 2.7305082711814358679e-32 0 3.7971130646116837748e-32
21 1.0186736895932481966e-32 2.6078046453587167845e-32 0 3.6264783349519648442e-32
21.5 9.7390235212470533116e-33 1.0994967994547080832e-29 0 1.1004707018068327234e-29
22 9.3201902790762182625e-33 5.3684296007479062296e-32 0 6.300448628655527919e-32
22.5 8.9278056272183245353e-33 1.0564808067025084637e-29 0 1.0573735872652302514e-29
23 9.2581592348854844095e-31 8.7651211691223529069e-32 0 1.0134671351797720138e-30
23.5 5.2568823338343084559e-33 8.4110117341349011928e-32 0 8.9366999675183317647e-32
24 5.0487097934144703228e-33 8.0779356694631579902e-32 0 8.5828066488046046804e-32
24.5 4.8526622389604671405e-33 7.7642595823367528986e-32 0 8.24952580623280016e-32
25 6.4445034749749075743e-31 7.4685056115598727164e-32 0 7.1913540361308945175e-31
25.5 7.0208339731311088159e-33 7.1893339884862563471e-32 0 7.8914173857993666813e-32
26 6.7632107786437886945e-33 6.9255278373312383971e-32 0 7.6018489151956169928e-32
26.5 6.5195116133967878558e-33 6.6759798921183119905e-32 0 7.3279310534579911866e-32
27 6.2887508388154586758e-33 6.4396808589470324428e-32 0 7.0685559428285781736e-32
27.5 6.0700285104725393149e-33 6.2157091947238814408e-32 0 6.8227120457711355092e-32
28 5.8625215905247559416e-33 6.0032221086973522737e-32 0 6.5894742677498275942e-32
28.5 8.9945100052346917976e-31 5.8014476224239850454e-32 0 9.5746547674770896453e-31
29 3.5060484676489386174e-33 5.6096775482383039774e-32 0 5.9602823950031981813e-32
29.5 8.6836180268348957685e-31 5.4272612667718076658e-32 0 9.2263441535120774109e-31
30 1.8469688207567892908e-33 5.2536002012637594893e-32 0 5.4382970833394379736e-32
30.5 1.7888002385963963043e-33 5.0881429008964200468e-32 0 5.2670229247560597457e-32
31 6.933347799794049071e-31 4.9303806576313215943e-32 0 7.4263858655571814494e-31
31.5 2.9874022446239476086e-33 4.7798435913983183633e-32 0 5.0785838158607135347e-32
32 6.7386396426248517692e-31 4.63609714730438357e-32 0 7.2022493573552900167e-31
32.5 8.8586496396059708983e-31 1.0808220341883072425e-29 0 1.1694085305843669165e-29
33 2.7296225094152631086e-33 6.8240562735381594821e-32 0 7.0970185244796858614e-32
33.5 2.6510763460483463014e-33 6.6276908651208672931e-32 0 6.892798499725701547e-32
34 2.5758723435788114171e-33 6.4396808589470291585e-32 0 6.6972680933049103687e-32
34.5 2.5038235436493103174e-33 6.2595588591232786329e-32 0 6.509941213488210041e-32
35 2.4347558803117619595e-33 6.0868897007794073618e-32 0 6.3303652888105838315e-32
35.5 2.3685071277042925267e-33 5.9212678192607325825e-32 0 6.1581185320311622799e-32
36 2.3049259465917052394e-33 5.7623148664792621064e-32 0 5.9928074611384324593e-32
36.5 6.8718549965919255198e-31 5.6096775482383017879e-32 0 7.4328227514157553702e-31
37 3.4143910371408041344e-33 5.4630256594252844255e-32 0 5.8044647631393650442e-32
37.5 3.326281435406524123e-33 5.3220502966504364073e-32 0 5.6546784401910884775e-32
38 8.7184430090501043251e-31 5.1864622302499076249e-32 0 9.2370892320750942117e-31
38.5 2.0223961678474888402e-33 5.0559904196187201505e-32 0 5.2582300364034690003e-32
39 6.933347799794049071e-31 4.9303806576313194048e-32 0 7.4263858655571814494e-31
39.5 3.0058714571750160572e-33 1.0821137245830066641e-29 0 1.0824143117287241837e-29
40 2.9330045554023322202e-33 6.7576424956469724283e-32 0 7.0509429511872055477e-32
40.5 2.8627554986972391269e-33 6.5957886689984377223e-32 0 6.8820642188681618745e-32
41 2.7950003728068706366e-33 6.4396808589470291585e-32 0 6.7191808962277163932e-32
41.5 2.7296225094152637929e-33 6.289050261692767516e-32 0 6.5620125126342938953e-32
42 8.6394988267850149978e-31 6.1436436101582263236e-32 0 9.2538631878008381776e-31
42.5 1.6675616968603747573e-33 6.0032221086973500842e-32 0 6.1699782783833880731e-32
43 1.6298779033491966218e-33 5.8675604520571072913e-32 0 6.0305482423920265429e-32
43.5 1.5934572002949346422e-33 5.7364459210617648488e-32 0 5.8957916410912580735e-32
44 1.5582437633995281604e-33 5.6096775482383017879e-32 0 5.7655019245782541592e-32
44.5 1.5241848186856875519e-33 1.4046887289007307864e-29 0 1.4048411473825994533e-29
45 7.0544520222327953776e-31 3.728076111630487305e-32 0 7.4272596333958444913e-31
45.5 2.2802084206873956307e-33 3.6483334730998330091e-32 0 3.8763543151685727774e-32
46 2.2319514068045818181e-33 3.5711222508873309089e-32 0 3.7943173915677893302e-32
46.5 2.185210263770115125e-33 3.4963364220321842e-32 0 3.7148574484091958835e-32
47 2.1399221604302609566e-33 3.4238754566884175305e-32 0 3.6378676727314437972e-32
47.5 8.5526305602715933115e-31 3.3536439801084559581e-32 0 8.8879949582824388525e-31
48 7.1041836414582796267e-31 3.2855514586464446324e-32 0 7.4327387873229239804e-31
48.5 2.012194942406416423e-33 3.2195119078502662768e-32 0 3.4207314020909076797e-32
49 1.9721522630525285282e-33 3.1554436208840456452e-32 0 3.3526588471892987717e-32
49.5 1.9332930722993125738e-33 3.0932689156789001181e-32 0 3.2865982229088313071e-32
50 6.9878336241030805646e-31 3.0329138993502945629e-32 0 7.2911250140381104588e-31
50.5 2.6768774236927525582e-33 2.9743082485475023255e-32 0 3.2419959909167776497e-32
51 6.862418876871764166e-31 2.9173850045155746811e-32 0 7.1541573773233219626e-31
51.5 3.5060484676489427228e-33 2.8620803817542373711e-32 0 3.212685228519131575e-32
52 8.8069341358956671726e-31 2.8083335892524446211e-32 0 9.0877674948209117442e-31
52.5 2.4804779970265035647e-33 2.75608666336277999e-32 0 3.0041344630654302438e-32
53 2.4347558803117657227e-33 2.7052843114575160252e-32 0 2.9487598994886924948e-32
53.5 8.6289338643651780209e-31 2.6558737655786951545e-32 0 8.8945212409230470437e-31
54 1.6298779033491986745e-33 2.6078046453587167845e-32 0 2.7707924356936365835e-32
54.5 8.4674015676875932173e-31 2.5610288295463409643e-32 0 8.7235044506422266021e-31
55 1.0062001342104745034e-33 2.5155003355261851125e-32 0 2.6161203489472326483e-32
55.5 9.8847008250733753037e-34 2.4711752062683420127e-32 0 2.5700222145190758684e-32
56 7.2118008732924293026e-31 2.428011404189016547e-32 0 7.4546020137113313679e-31
56.5 1.491230444652196612e-33 2.3859687114435129371e-32 0 2.5350917559087326154e-32
57 7.0936511245349604642e-31 2.3450086362099031977e-32 0 7.3281519881559510303e-31
57.5 2.07458489209996643e-33 2.3050943245555162941e-32 0 2.5125528137655126977e-32
58 2.0395714297584347229e-33 2.2661904775093693294e-32 0 2.4701476204852125964e-32
58.5 2.0054369456928494445e-33 2.228263272992052612e-32 0 2.4288069675613375223e-32
59 1.972152263052530923e-33 2.1912802922805874057e-32 0 2.3884955185858405322e-32
59.5 8.5540302788667342275e-31 2.155210450709682628e-32 0 8.7695513239377030924e-31
60 1.3250149577079623099e-33 1.1410816813387730544e-29 0 1.1412141828345438804e-29
60.5 1.3035575801788164488e-33 1.3668791931935809551e-29 0 1.3670095489515988661e-29
61 1.2826172366366620522e-33 1.1429863937874474148e-29 0 1.1431146555111110411e-29
61.5 7.1494779384542379452e-31 2.9080568410067379931e-32 0 7.4402836225549117993e-31
62 1.7888002385964000675e-33 2.8620803817542373711e-32 0 3.0409604056138776173e-32
62.5 1.7607410619354237127e-33 1.3635178783627907809e-29 0 1.3636939524689843251e-29
63 7.0493850789433800311e-31 1.9259299443872358531e-32 0 7.2419780733821036165e-31
63.5 2.322828216803654093e-33 1.8961862994315529597e-32 0 2.1284691211119185059e-32
64 2.2872298435402138863e-33 1.8671264028899690002e-32 0 2.095849387243990423e-32
64.5 2.252443584629660832e-33 1.8387294568405382203e-32 0 2.0639738153035042009e-32
65 2.218444924003076981e-33 1.3398320755709673323e-29 0 1.3400539200633677353e-29
65.5 2.1852102637701171777e-33 1.1416608725003053046e-32 0 1.360181898877317125e-32
66 2.1527168832607265162e-33 1.1246847390096848299e-32 0 1.3399564273357576184e-32
66.5 2.1209429001826946329e-33 1.1080844539729988825e-32 0 1.3201787439912683458e-32
67 2.0898672337710644204e-33 1.0918490037661063382e-32 0 1.3008357271432128145e-32
67.5 6.9942108390339686379e-31 1.0759677752495019089e-32 0 7.1018076165589185551e-31
68 2.6510763460483514332e-33 1.0604305384193396153e-32 0 1.3255381730241748271e-32
68.5 2.6130685748224632219e-33 1.045227429928984194e-32 0 1.3065342874112305846e-32
69 2.5758723435788165488e-33 1.0303489374315255248e-32 0 1.2879361717894071454e-32
69.5 2.5394647117421057779e-33 1.1742484827095486947e-29 0 1.1745024291807228964e-29
70 2.5038235436493161333e-33 1.5648897147808204793e-32 0 1.8152720691457521611e-32
70.5 8.6798231539306392367e-31 1.5430796718098912629e-32 0 8.8341311211116275145e-31
71 1.8641099708636960431e-33 1.5217224251948526615e-32 0 1.7081334222812221632e-32
71.5 7.0421547348837909566e-31 1.5008055271743380684e-32 0 7.1922352876012247087e-31
72 6.9460172312315485612e-31 1.480316954815183693e-32 0 7.0940489267130672042e-31
72.5 6.8518350363705733375e-31 1.4602450927317535653e-32 0 6.9978595456437489951e-31
73 3.6014467915495442903e-33 1.3313252267513699376e-29 0 1.3316853714305250063e-29
73.5 8.8703768469606499221e-31 1.3135150563831365208e-29 0 1.4022188248527430551e-29
74 8.7524993946388189839e-31 5.0487097934144737439e-33 0 8.802986492572963434e-31
74.5 2.2142492844236998622e-33 4.9820608899533210122e-33 0 7.1963101743770212164e-33
75 2.1852102637701168355e-33 4.9167230934827580904e-33 0 7.1019333572528742417e-33
75.5 2.1567387728713223783e-33 4.8526622389604705616e-33 0 7.0094010118317922557e-33
76 8.6220541087172560003e-31 4.7898452669853979941e-33 0 8.6699525613871101786e-31
76.5 1.6089150616370283347e-33 4.7282401811373862499e-33 0 6.3371552427744142424e-33
77 7.1002667932121310091e-31 4.6678160072249225004e-33 0 7.1469449532843804668e-31
77.5 2.0482412241528987776e-33 4.608542754344019085e-33 0 6.6567839784969182047e-33
78 2.0223961678474922613e-33 4.550391377656855963e-33 0 6.5727875455043485664e-33
78.5 1.9970372190239627193e-33 4.4933337428039136381e-33 0 6.4903709618278760152e-33
79 7.0261005859157380694e-31 4.4373425918681926097e-33 0 7.0704740118344199134e-31
79.5 2.4650952248332235679e-33 4.3823915108146176236e-33 0 6.8474867356478415336e-33
80 2.4347558803117657227e-33 4.3284548983320260508e-33 0 6.7632107786437914314e-33
80.5 2.4049732140051183845e-33 4.2755079360090979817e-33 0 6.6804811500142160241e-33
81 2.3757336898758918661e-33 1.2931499764586675516e-29 0 1.293387549827655198e-29
81.5 6.9613896227492398074e-31 1.854438858921754167e-33 0 6.9799340113384575475e-31
82 2.8627554986972425481e-33 1.8321635191662346013e-33 0 4.6949190178634768072e-33
82.5 6.883616834400137659e-31 1.8102871359369200651e-33 0 6.9017197057595068631e-31
83 8.8556791812012968934e-31 1.7888002385963983569e-33 0 8.8735671835872603159e-31
83.5 2.7620213060502511703e-33 1.7676936358721598321e-33 0 4.5297149419224113446e-33
84 2.7296225094152675561e-33 1.7469584060257698948e-33 0 4.4765809154410371088e-33
84.5 6.9063435496932045689e-31 1.7265858874233010464e-33 0 6.9236094085674379044e-31
85 8.8325542943958889379e-31 1.7065676694883974174e-33 0 8.8496199710907735963e-31
85.5 2.6357743500317817816e-33 1.686895584020339916e-33 0 4.3226699340521216976e-33
86 2.605565151344338787e-33 1.6675616968603764679e-33 0 4.2731268482047152548e-33
86.5 2.5758723435788151803e-33 1.2192737185989701854e-29 0 1.2195313058333280699e-29
87 2.5466842239831228862e-33 3.667225282535694794e-33 0 6.2139095065188183644e-33
87.5 2.517989419454856521e-33 3.6259047640149927061e-33 0 6.1438941834698495692e-33
88 2.4897768754608381367e-33 3.5852787006636057674e-33 0 6.075055576124443562e-33
88.5 6.9488499700252296514e-31 3.5453316173598110187e-33 0 6.9843032861988275563e-31
89 2.9460546151772366647e-33 3.5060484676489413543e-33 0 6.4521030828261783612e-33
89.5 2.913591451168842301e-33 3.4674146195728362251e-33 0 6.381006070741678184e-33
90 6.8826470718775638011e-31 3.4294158420427997715e-33 0 6.9169412302979919562e-31
90.5 3.3920382917323811596e-33 3.3920382917323811596e-33 0 6.7840765834647623191e-33
91 3.3552685004674413935e-33 3.3552685004674413935e-33 0 6.7105370009348827871e-33
91.5 3.3190933630920588017e-33 3.3190933630920588017e-33 0 6.6381867261841176034e-33
92 3.2835001257898510492e-33 3.2835001257898510492e-33 0 6.5670002515797020985e-33
92.5 3.2484763748413076104e-33 1.2087580590784507672e-29 0 1.2090829067159348925e-29
93 3.2140100257985990223e-33 5.7137956014197303027e-33 0 8.9278056272183286407e-33
93.5 6.8407254556496357753e-31 5.6534921121071340696e-33 0 6.8972603767707071092e-31
94 3.6930053457714934835e-33 5.5941382752514941726e-33 0 9.2871436210229883403e-33
94.5 3.6544363636509675308e-33 5.5357142549979162279e-33 0 9.1901506186488837587e-33
95 6.7801293731072429888e-31 5.4782007307014685141e-33 0 6.8349113804142575029e-31
95.5 4.1508963307288326294e-33 5.4215788809519443097e-33 0 9.5724752116807762549e-33
96 6.7158816729159427661e-31 5.3658303681735295057e-33 0 6.7695399765976781228e-31
96.5 4.6678160072249204477e-33 5.3109373237759092166e-33 0 9.9787533310008296643e-33
97 4.6203067387215639617e-33 5.2568823338343118771e-33 0 9.8771890725558765229e-33
97.5 4.5735191237786996577e-33 5.2036484252770984414e-33 0 9.7771675490557980992e-33
98 4.5274386204144370373e-33 5.1512190525604273293e-33 0 9.6786576729748650509e-33
98.5 4.4820510511029425742e-33 5.0995780848104583616e-33 0 9.5816291359134009357e-33
99 4.4373425918681912412e-33 5.0487097934144737439e-33 0 9.4860523852826649851e-33
99.5 4.3932997617565811103e-33 4.998598840043042016e-33 0 9.3918986017996238106e-33
100 4.3499094126734544885e-33 4.9492302650862403806e-33 0 9.2991396777596955534e-33
100.5 4.3071587195692129153e-33 4.9005894764876350537e-33 0 9.2077481960568486533e-33
101 9.0085125095452136e-31 4.8526622389604705616e-33 0 9.0570391319348188735e-31
101.5 3.6791609142966884798e-33 1.2013586658927959781e-29 0 1.201726581984225654e-29
102 3.6435276044706921414e-33 7.4357706213687558136e-33 0 1.1079298225839447271e-32
102.5 3.6084094710102522971e-33 7.364100961245406735e-33 0 1.0972510432255659716e-32
103 3.5737966305315806265e-33 7.2934625112889367029e-33 0 1.0867259141820516645e-32
103.5 3.5396794355284521281e-33 7.2238355827111247533e-33 0 1.0763515018239576197e-32
104 3.5060484676489427228e-33 7.1552009543855934277e-33 0 1.0661249422034535466e-32
104.5 3.472894531194681149e-33 7.0875398595809786134e-33 0 1.0560434390775660447e-32
105 3.4402086468342463578e-33 7.0208339731311115528e-33 0 1.0461042619965357226e-32
105.5 3.4079820455226782589e-33 6.9550653990258695572e-33 0 1.0363047444548547816e-32
106 3.3762061626194069931e-33 6.890216658406949975e-33 0 1.0266422821026356968e-32
106.5 3.3448726321972610182e-33 6.8262706779535896696e-33 0 1.0171143310150850688e-32
107 3.3139732815354585677e-33 6.763210778643790063e-33 0 1.0077184060179248631e-32
107.5 3.2835001257898524177e-33 6.7010206648772482402e-33 0 9.9845207906670999736e-33
108 3.2534453628339031653e-33 6.6396844139467378862e-33 0 9.8931297767806403673e-33
108.5 8.8529533084413862449e-31 6.5791864658452640509e-33 0 8.9187451730998393644e-31
109 2.7544936566601450963e-33 6.5195116133967919612e-33 0 9.2740052700569370575e-33
109.5 2.7296225094152668719e-33 6.4606449926988550602e-33 0 9.1902675021141215899e-33
110 6.9250219550933068345e-31 6.4025720738658551477e-33 0 6.9890476758319651808e-31
110.5 3.109186539510515855e-33 6.3452786520622725633e-33 0 9.4544651915727891026e-33
111 3.0814879110195801018e-33 6.2887508388154668865e-33 0 9.3702387498350469883e-33
111.5 3.0541577762630811061e-33 6.2329750535981208522e-33 0 9.2871328298612016162e-33
112 3.0271896276787236457e-33 1.1960487998338779808e-29 0 1.1963515187966458621e-29
112.5 3.0005771007261637991e-33 8.8180225000932110635e-33 0 1.1818599600819374863e-32
113 6.8847780872907213854e-31 8.7408410550804673422e-33 0 6.9721864978415260589e-31
113.5 6.8247803071970558185e-31 8.6646685114186019241e-33 0 6.9114269923112414272e-31
114 3.8175499383096254343e-33 8.5894873611966536349e-33 0 1.2407037299506279753e-32
114.5 6.7702393162612118328e-31 1.1868408697099227544e-29 0 1.2545432628725349428e-29
115 6.7120009689917984077e-31 1.149054231742853533e-32 0 6.8269063921660841441e-31
115.5 9.0817304751078904768e-31 1.1392122707975343411e-32 0 9.1956517021876440478e-31
116 4.1635766237284066381e-33 1.1294962190322039338e-32 0 1.5458538814050445292e-32
116.5 8.9993709171261162409e-31 1.1199039378782682259e-32 0 9.1113613109139429266e-31
117 3.625904764014995443e-33 1.1104333339795920935e-32 0 1.4730238103810915694e-32
117.5 3.5953709650622076283e-33 1.3268941257247384505e-29 0 1.3272536628212447388e-29
118 3.5652212367872872172e-33 8.0217477827713977782e-33 0 1.1586969019558684311e-32
118.5 3.5354491646956297964e-33 7.9547606205651690947e-33 0 1.1490209785260798891e-32
119 3.5060484676489427228e-33 7.8886090522101236922e-33 0 1.1394657519859067099e-32
119.5 3.4770129945520753826e-33 1.3150932398644580417e-29 0 1.315440941163913313e-29
120 8.8968434411827396828e-31 5.3880261267742120437e-33 0 8.9507237024504823369e-31
120.5 6.8839800140787336008e-31 5.3437714794222604235e-33 0 6.9374177288729564856e-31
121 8.8883328378007764941e-31 5.3000598308318512922e-33 0 8.9413334361090946581e-31
121.5 2.9569963127818044934e-33 5.256882333834320772e-33 0 8.2138786466161252655e-33
122 2.933004555402337352e-33 1.3035575801788155533e-29 0 1.3038508806343559233e-29
122.5 8.8082075963481703868e-31 1.2115943563307273453e-29 0 1.2996764322942090842e-29
123 2.5139297838078578207e-33 5.1304689465466482087e-33 0 7.6443987303545060293e-33
123.5 2.4937781233095998521e-33 5.0893431087951005241e-33 0 7.5831212321047007183e-33
124 2.4738677987730960209e-33 5.0487097934144812704e-33 0 7.5225775921875776334e-33
124.5 2.4541949718785177946e-33 1.2025555362204722603e-29 0 1.2028009557176600993e-29
125 2.4347558803117674333e-33 7.15520095438560027e-33 0 9.5899568346973677033e-33
125.5 2.4155468359655432962e-33 7.0987498852864924621e-33 0 9.5142967212520361004e-33
126 2.3965642231898826843e-33 7.0429642477416948508e-33 0 9.4395284709315782193e-33
126.5 2.3778044970906338116e-33 1.1938325533800995718e-29 0 1.1940703338298086028e-29
127 2.3592641818743663148e-33 9.4370567274974625223e-33 0 1.1796320909371829179e-32
127.5 6.9946327807178509517e-31 9.3637594769530762173e-33 0 7.0882703754873819329e-31
128 6.9405159024943420395e-31 9.2913128672146163722e-33 0 7.0334290311664881485e-31
128.5 8.8288071615468910118e-31 9.2197037863668373791e-33 0 8.9210041994105595908e-31
129 2.6256465040640213868e-33 9.1489193741608555452e-33 0 1.177456587822487659e-32
129.5 2.6055651513443411818e-33 9.0789470162398319217e-33 0 1.1684512167584172761e-32
130 6.9545344881351252589e-31 9.0097743385186405912e-33 0 7.0446322315203118701e-31
130.5 2.9196372903552053979e-33 1.3204242122962050515e-29 0 1.3207161760252404496e-29
131 2.8975607170652434945e-33 6.5195116133967960666e-33 0 9.417072330462039219e-33
131.5 2.8757335953945064663e-33 6.4704005896376368978e-33 0 9.3461341850321437062e-33
132 2.8541521812507656563e-33 1.3100736896452334455e-29 0 1.3103591048633583933e-29
132.5 6.9160468762801042735e-31 4.4262700008192706116e-33 0 6.9603095762882967264e-31
133 3.1741590778691331006e-33 4.3932997617565838473e-33 0 7.5674588396257169479e-33
133.5 3.1506032477283699349e-33 4.3606965366482615788e-33 0 7.5112997843766308295e-33
134 3.1273086640448925046e-33 4.3284548983320274193e-33 0 7.4557635623769199239e-33
134.5 6.8754779594901682612e-31 4.2965695195926637253e-33 0 6.9184436546860948369e-31
135 3.4546784884787000801e-33 4.2650351709613544659e-33 0 7.719713659440054546e-33
135.5 6.828771372383741521e-31 4.2338467185713598798e-33 0 6.8711098395694547845e-31
136 3.7932067076667057001e-33 1.207504835773753579e-29 0 1.2078841564445202442e-29
136.5 6.782899882578021577e-31 6.0083819029064843221e-33 0 6.8429837016070862491e-31
137 4.1423067907005502689e-33 5.9649217786087864482e-33 0 1.0107228569309337401e-32
137.5 9.0079157908801336073e-31 5.9219314914478604775e-33 0 9.0671351057946124037e-31
138 3.684834982464491315e-33 1.3079878068059754014e-29 0 1.3083562903042218049e-29
138.5 3.658467732747340981e-33 4.0537038589998175716e-33 0 7.7121715917471585525e-33
139 3.6323824844998186176e-33 4.0248005368418980137e-33 0 7.6571830213417159471e-33
139.5 3.6065752306174664459e-33 3.9962052416813967782e-33 0 7.6027804722988632241e-33
140 3.581042034917580965e-33 3.9679136120970371562e-33 0 7.5489556470146181212e-33
140.5 3.5557790306382355029e-33 3.9399213635880672799e-33 0 7.4957003942263027828e-33
141 3.530782418974232592e-33 3.9122242869520525667e-33 0 7.4430067059262851587e-33
141.5 3.5060484676489468282e-33 3.8848182467024279532e-33 0 7.3908667143513740971e-33
142 3.4815735095210736091e-33 3.8576991795247295258e-33 0 7.3392726890458031349e-33
142.5 3.4573539412252875168e-33 3.830863092770395045e-33 0 7.288217033995683246e-33
143 8.9055000628465785845e-31 3.8043060629871330223e-33 0 8.9435431234764504074e-31
143.5 3.0601996299326892319e-33 3.7780242344847977449e-33 0 6.8382238644174873189e-33
144 3.0391311925280393097e-33 3.7520138179358465395e-33 0 6.791145010463885165e-33
144.5 3.0182795820976148372e-33 3.7262710890093974097e-33 0 6.7445506711070119047e-33
145 2.9976418335007517132e-33 3.700792387037960601e-33 0 6.6984342205387119721e-33
145.5 6.8986850540335556695e-31 3.6755741137159983897e-33 0 6.9354407951707153934e-31
146 3.2946779904760232837e-33 3.6506127318293839132e-33 0 6.9452907223054071969e-33
146.5 3.2723790495235334608e-33 3.6259047640149906534e-33 0 6.8982838135385241142e-33
147 3.2503057293734644986e-33 3.6014467915495415534e-33 0 6.8517525209230067363e-33
147.5 8.8737796960122987827e-31 3.5772354531669623778e-33 0 8.9095520505439683655e-31
148 2.8781466295618219559e-33 3.5532674439034798246e-33 0 6.4314140734653014384e-33
148.5 8.8111424426739461346e-31 3.5295395139696932648e-33 0 8.8464378378136429989e-31
149 8.7524993946388189839e-31 3.5060484676489413543e-33 0 8.7875598793153086233e-31
149.5 8.6944398573690524296e-31 1.2959465914625160231e-29 0 1.3828909900362065824e-29
150 1.9461175351380188214e-33 2.2142492844236988358e-33 0 4.1603668195617179994e-33
150.5 1.9332930722993156529e-33 2.1996578955938855259e-33 0 4.1329509678932015209e-33
151 1.9205949583917055329e-33 2.1852102637701154671e-33 0 4.105805222161821e-33
151.5 1.9080215390994663694e-33 2.1709045067087238326e-33 0 4.0789260458081905442e-33
152 8.62695509148528601e-31 2.156738772871321352e-33 0 8.6485224792139986864e-31
152.5 1.6405132937571597559e-33 2.1427112408256748997e-33 0 3.7832245345828346556e-33
153 1.6298779033492003851e-33 2.1288201186601771903e-33 0 3.7586980220093779176e-33
153.5 1.6193456019869773261e-33 2.115063643411558675e-33 0 3.734409245398536001e-33
154 1.6089150616370300453e-33 2.1014400805055049999e-33 0 3.7103551421425350452e-33
154.5 1.5985849755825374875e-33 2.0879477232098409927e-33 0 3.6865326987923788223e-33
155 1.5883540580140390271e-33 2.0745848920999650616e-33 0 3.6629389501140044308e-33
155.5 1.5782210436292970441e-33 2.0613499345362206332e-33 0 3.6395709781655176773e-33
156 1.5681846872420643828e-33 2.048241224152897067e-33 0 3.6164259113949614498e-33
156.5 1.5582437633995319236e-33 2.0352571603585692503e-33 0 3.593500923758101174e-33
157 1.5483970660082373157e-33 2.0223961678474905508e-33 0 3.5707932338557278664e-33
157.5 1.5386434079682207063e-33 2.0096566961217548295e-33 0 3.5483001040899751937e-33
158 8.5467732325579780901e-31 1.9970372190239610087e-33 0 8.5667436047482168244e-31
158.5 1.3101039984114858804e-33 1.9845362342801171072e-33 0 3.2946402326916031587e-33
159 8.4913480876055492084e-31 1.9721522630525298967e-33 0 8.5110696102360740831e-31
159.5 1.1024346653451140829e-33 1.2858797936585384605e-29 0 1.2859900371250729102e-29
160 7.2644986778487932054e-31 1.0955978777036540638e-33 0 7.2754546566258300146e-31
160.5 1.2778565210282009066e-33 1.0888244912902999016e-33 0 2.3666810123185009793e-33
161 1.2699806906564468551e-33 1.0821137245830065127e-33 0 2.3520944152394535389e-33
161.5 1.2621774483536206597e-33 1.075464808064621796e-33 0 2.3376422564182426267e-33
162 1.2544459048360040868e-33 1.0688769840022739823e-33 0 2.3233228888382782401e-33
162.5 8.4782130281685887211e-31 1.0623495062314775897e-33 0 8.4888365232309039024e-31
163 1.0558816399448418367e-33 1.0558816399448401261e-33 0 2.1117632798896819629e-33
163.5 1.0494726614852585237e-33 1.0494726614852568131e-33 0 2.0989453229705153368e-33
164 1.0431218581434881301e-33 1.0431218581434865906e-33 0 2.0862437162869745497e-33
164.5 8.4216397183551113608e-31 1.0368285279600014669e-33 0 8.4320080036347122239e-31
165 8.3709833537406022214e-31 1.0305919795310070915e-33 0 8.3812892735359130091e-31
165.5 7.1139689709620724889e-34 1.0244115318185368784e-33 0 1.7358084289147442983e-33
166 7.0714341247536056042e-34 1.0182865139645177291e-33 0 1.7254299264398782895e-33
166.5 8.3181683297156292584e-31 1.012216265108716867e-33 0 8.3282904923667156539e-31
167 5.6598757549339290244e-34 1.0062001342104748455e-33 0 1.572187709703867748e-33
167.5 8.267587919584650914e-31 1.000237479874136466e-33 0 8.2775902943833930826e-31
168 4.4192340896804098438e-34 9.9432767017809065395e-34 0 1.4362510791461315528e-33
168.5 4.3932003666992871308e-34 9.8847008250733804354e-34 0 1.4277901191772668421e-33
169 4.3673960150644350005e-34 9.8266410338949646389e-34 0 1.4194037048959399639e-33
169.5 4.341818348151879893e-34 9.7690912833417162886e-34 0 1.4110909631493597037e-33
170 7.4788821277532221875e-31 1.2328254882674227964e-29 0 1.3076143095449551146e-29
170.5 5.4312177173543386239e-34 1.7165330069663081183e-33 0 2.2596547787017419807e-33
171 5.3996867667406411133e-34 1.706567669488399128e-33 0 2.2465363461624631538e-33
171.5 5.3684296007479145088e-34 1.6966888614709449035e-33 0 2.2335318215457365255e-33
172 5.3374430588143643428e-34 1.6868955840203412845e-33 0 2.2206398899017776332e-33
172.5 5.3067240258537190976e-34 1.6771868526154952067e-33 0 2.2078592552008670309e-33
173 5.2762694314722906108e-34 1.6675616968603778363e-33 0 2.1951886400076068974e-33
173.5 8.2544095294384056572e-31 1.2262709709146381939e-29 0 1.308815066209022303e-29
174 8.2073088579194067562e-31 2.5758723435788158646e-33 0 8.2330675813551952057e-31
174.5 3.1374894973116813002e-34 2.5612159161727987713e-33 0 2.8749648659039669869e-33
175 7.5341106082316676965e-31 2.5466842239831235704e-33 0 7.5595774504714992401e-31
175.5 8.2045737720905507519e-31 2.5322758555835049193e-33 0 8.2298965306463853256e-31
176 3.0845370388322045838e-34 2.5179894194548578895e-33 0 2.8264431233380782196e-33
176.5 3.0671838409704159239e-34 2.5038235436493154491e-33 0 2.8105419277463569987e-33
177 3.0499766724395324394e-34 2.4897768754608395052e-33 0 2.7947745427047927064e-33
177.5 3.0329138993503017986e-34 2.4758480811022838731e-33 0 2.7791394710373140957e-33
178 3.0159939106012343719e-34 2.4620358453887596665e-33 0 2.7636352364488829754e-33
178.5 2.9992151174982863466e-34 2.4483388714271686599e-33 0 2.7482603831769971663e-33
179 2.982575953381919673e-34 2.4347558803117670912e-33 0 2.7330134756499591012e-33
179.5 2.9660748732613831782e-34 2.4212856108256148505e-33 0 2.7178930981517530401e-33
180 2.9497103534560651752e-34 2.4079268191478046827e-33 0 2.7028978544934111575e-33
180.5 8.1515447271966977221e-31 1.2901472906472736984e-29 0 1.3716627379192406756e-29
181 2.1433849012767562718e-34 1.5241848186856904599e-33 0 1.7385233088133660871e-33
181.5 2.1316564149338722545e-34 1.5158445617307502961e-33 0 1.7290102032241373933e-33
182 2.1200239323327446394e-34 1.5075725741032817508e-33 0 1.719574967336556343e-33
182.5 8.1050217544197750969e-31 1.2828968414615182985e-29 0 1.3639470590057160845e-29
183 1.4562797311056655182e-34 1.2759340492055352018e-29 0 1.2759486120028462934e-29
183.5 1.4483973113097996417e-34 3.7078971169530815576e-34 0 5.1562944282628809854e-34
184 1.4405787166198224031e-34 3.6878815145467391768e-34 0 5.1284602311665611522e-34
184.5 8.0596308365025518453e-31 1.2418474056846468897e-29 0 1.3224437140496724607e-29
185 9.1208336827496296061e-35 8.2087503144746430182e-34 0 9.1208336827496054443e-34
185.5 9.0719939649794434582e-35 8.1647945684814742022e-34 0 9.0719939649794184412e-34
186 8.0156718520802132449e-31 8.1211909371032827106e-34 0 8.0237930430173163788e-31
186.5 7.7212162741706861891e-31 1.2353946038673097903e-29 0 1.3126067666090167923e-29
187 8.9278056272183724313e-35 1.4284489003549344573e-33 0 1.5177269566271181816e-33
187.5 8.8805060779547068589e-35 1.4208809724727479657e-33 0 1.5096860332522951091e-33
188 7.6812959381382201479e-31 1.413373028026785399e-33 0 7.6954296684184884193e-31
188.5 7.6408148705797197693e-31 1.4059244347824033616e-33 0 7.6548741149275438662e-31
189 1.9666892373931095139e-34 1.3985345688128754248e-33 0 1.5952034925521862479e-33
189.5 8.0970177550657481173e-31 1.39120281436872994e-33 0 8.110929783209435013e-31
190 1.3514927380366055461e-34 1.2820800710110410923e-29 0 1.2820935859384215172e-29
190.5 8.054244620526810721e-31 7.7440005966245473347e-34 0 8.0619886211234345944e-31
191 8.5596886417210841102e-35 1.2360190398645194275e-29 0 1.2360275995531611641e-29
191.5 8.5152804746407440847e-35 1.3624448759425146061e-33 0 1.4475976806889221111e-33
192 8.4712170014874525409e-35 1.355394720237987788e-33 0 1.4401068902528623562e-33
192.5 8.4274946641402726479e-35 1.3483991462624391762e-33 0 1.4326740929038418599e-33
193 8.3841099502711794095e-35 1.341457592043384087e-33 0 1.4252986915460959238e-33
193.5 8.3410593926396486349e-35 1.3345695028223391631e-33 0 1.417980096748735628e-33
194 8.0104390499986889459e-31 1.2816702479997902313e-29 0 1.3617746384997771909e-29
194.5 7.7280308811458391473e-31 7.430352388578427717e-34 0 7.7354612335344179051e-31
195 8.2138786466161507957e-35 7.3924907819545146547e-34 0 8.2138786466161300551e-34
195.5 8.1721309192913177992e-35 7.3549178273621615367e-34 0 8.1721309192912936374e-34
196 8.1307006644955058717e-35 1.2366795710697610553e-29 0 1.2366877017704254919e-29
196.5 8.0895846713899990231e-35 1.2943335474223953962e-33 0 1.375229394136295333e-33
197 8.0487797696257061899e-35 1.2878047631401085429e-33 0 1.3682925608363656582e-33
197.5 8.0082828287320175473e-35 1.2813252525971187022e-33 0 1.3614080808844388884e-33
198 7.9680907575163796777e-35 1.2748945212026168141e-33 0 1.3545754287777806216e-33
198.5 7.9282005034743779112e-35 1.2685120805558965315e-33 0 1.3477940855906403641e-33
199 7.8886090522101537126e-35 1.2621774483536206597e-33 0 1.3410635388757222182e-33
199.5 7.8493134268669005303e-35 1.2558901482987001505e-33 0 1.33438328256736922e-33
200 7.6935953572299228049e-31 1.2496497100107627277e-33 0 7.7060918543300302013e-31
200.5 1.2143121766974344361e-34 1.281039116531824651e-29 0 1.2810512596535915121e-29
201 1.2083081701870750627e-34 6.959855060277540182e-34 0 8.1681632304646152447e-34
201.5 1.2023485828700116316e-34 6.9255278373312541343e-34 0 8.127876420201265552e-34
202 1.1964329776581185237e-34 6.8914539513107514411e-34 0 8.0878869289688706063e-34
202.5 1.190560922826299307e-34 6.8576309154794714528e-34 0 8.0481918383057701183e-34
203 1.1847319919337135177e-34 6.8240562735381774431e-34 0 8.0087882654718905331e-34
203.5 7.6588561017712289335e-31 1.2745516630899002074e-29 0 1.3511402241076125756e-29
204 1.6894106239117494447e-34 3.0033966647319976824e-34 0 4.6928072886437469133e-34
204.5 1.6811996488273518643e-34 2.9887993756930684606e-34 0 4.6699990245204203249e-34
205 8.0812419848699533715e-31 2.9743082485475110152e-34 0 8.0842162931185003642e-31
205.5 1.1562196313823360688e-34 1.2682970876185992381e-29 0 1.2683086498149131191e-29
206 1.1506407751945997202e-34 7.3641009612454448807e-35 0 1.8870508713191442083e-34
206.5 1.1451021994789009022e-34 1.2500411972026616282e-29 0 1.2500526482246564257e-29
207 8.0410424186960564029e-31 2.9173850045155816945e-34 0 8.0439598037005721035e-31
207.5 8.0025225103937846553e-31 1.2682383157424432741e-29 0 1.3482635408463811557e-29
208 4.0634075152750364754e-35 7.2238355827111520796e-35 0 1.1287243097986188021e-34
208.5 4.0440349206197017971e-35 7.1893954144350029659e-35 0 1.1233430335054704763e-34
209 4.0248005368419249124e-35 7.1552009543856214811e-35 0 1.1180001491227545324e-34
209.5 4.0057030523350452005e-35 7.1212498708178361582e-35 0 1.1126952923152881359e-34
210 3.9867411710143291435e-35 7.0875398595810071372e-35 0 1.1074281030595336815e-34
210.5 7.740120907259642053e-31 7.054068643728092631e-35 0 7.7408263141240148357e-31
211 7.0208339731311482018e-35 1.2621774483536188887e-29 0 1.2621844691875921438e-29
211.5 7.7040865705736451883e-31 2.7906670588609129713e-64 0 7.7040865705736451883e-31
212 1.0867289685977966086e-34 2.7775807131893607427e-64 0 1.0867289685977966086e-34
212.5 1.0816448634350746596e-34 2.7645862013544330182e-64 0 1.0816448634350746596e-34
213 1.07659635287609021e-34 2.7516826660993995122e-64 0 1.07659635287609021e-34
213.5 1.0715831054235401608e-34 2.7388692601472090198e-64 0 1.0715831054235401608e-34
214 7.6699977337486530419e-31 2.7261451460613978491e-64 0 7.6699977337486530419e-31
214.5 1.5287919739857404532e-34 1.2563272710665003122e-29 0 1.2563425589862401799e-29
215 1.5217224251948578531e-34 6.7632107786438185012e-35 0 2.1980435030592398101e-34
215.5 8.0718458950242293557e-31 6.7320080023554661226e-35 0 8.0725190958244656102e-31
216 1.0470344788870741001e-34 6.7010206648772760797e-35 0 1.717136545374801815e-34
216.5 1.042226060537739355e-34 6.6702467874415327702e-35 0 1.7092507392818927389e-34
217 1.0374506896791818573e-34 6.6396844139467648704e-35 0 1.7014191310738584513e-34
217.5 1.0327080641635746936e-34 6.6093316106468835554e-35 0 1.693641225228263156e-34
218 1.0279978852883265706e-34 6.5791864658452931306e-35 0 1.6859165318728558836e-34
218.5 7.6744486723803988313e-31 6.549247089593892823e-35 0 7.6751035970893584584e-31
219 1.4668901130142825618e-34 6.5195116133968211264e-35 0 2.1188412743539646744e-34
219.5 8.0685031351619347978e-31 6.489978189918936285e-35 0 8.0691521329809267752e-31
220 1.0094757801091995243e-34 6.4606449926988843109e-35 0 1.6555402793790879554e-34
220.5 1.0049234712291713487e-34 6.4315102158667053557e-35 0 1.6480744928158418843e-34
221 1.000401886541543288e-34 1.2621774483536188887e-29 0 1.2621874523724844084e-29
221.5 9.9591075018433864162e-35 3.8024736706031980867e-64 0 9.9591075018433864162e-35
222 7.6777871689953486247e-31 3.785441335142464741e-64 0 7.6777871689953486247e-31
222.5 1.4213069775613964543e-34 3.7685231827455136014e-64 0 1.4213069775613964543e-34
223 1.4149689387334828976e-34 3.7517181950593828383e-64 0 1.4149689387334828976e-34
223.5 8.065280149430511943e-31 3.7350253650586965773e-64 0 8.065280149430511943e-31
224 9.739023521247087352e-35 3.7184436968948058777e-64 0 9.739023521247087352e-35
224.5 9.695882827776340238e-35 1.2565864144798100008e-29 0 1.2565961103626377133e-29
225 7.6805669895324012488e-31 6.1779380156708862924e-35 0 7.6811847833339685681e-31
225.5 1.3839058027648149797e-34 6.1506924567325258696e-35 0 1.9989750484380676736e-34
226 1.3778160156395670084e-34 6.1236267361758675064e-35 0 1.9901786892571538659e-34
226.5 1.3717663368171235607e-34 6.0967392747427837349e-35 0 1.981440264291402148e-34
227 8.0625533067133475011e-31 6.0700285104725725427e-35 0 8.0631603095643943118e-31
227.5 9.4429576538673182091e-35 6.0434928984750909665e-35 0 1.5486450552342409176e-34
228 8.0270030631563882552e-31 6.0171309107073867991e-35 0 8.0276047762474595664e-31
228.5 5.990941035753694774e-35 5.9909410357536969122e-35 0 1.1981882071507391686e-34
229 5.9649217786088089849e-35 1.2621774483536188887e-29 0 1.2621834132753974337e-29
229.5 5.9390716604647257016e-35 2.9281884039041514561e-64 0 5.9390716604647257016e-35
230 5.9133892185005148842e-35 2.9155259823940430525e-64 0 5.9133892185005148842e-35
230.5 5.8878730056753733577e-35 2.9029455181771352222e-64 0 5.8878730056753733577e-35
231 5.8625215905247837383e-35 2.8904463054869317596e-64 0 5.8625215905247837383e-35
231.5 5.8373335569597598689e-35 2.8780276461376552402e-64 0 5.8373335569597598689e-35
232 5.8123075040690750594e-35 1.2567661900673304364e-29 0 1.2567720023748344493e-29
232.5 5.7874420459244806173e-35 5.7874420459244838246e-35 0 1.1574884091848963373e-34
233 5.7627358113888173775e-35 5.7627358113888195157e-35 0 1.1525471622777636893e-34
233.5 5.7381874439269892293e-35 5.7381874439269913675e-35 0 1.1476374887853980597e-34
234 5.7137956014197580139e-35 5.7137956014197601521e-35 0 1.1427591202839518166e-34
234.5 5.6895589559802945764e-35 5.6895589559802967146e-35 0 1.1379117911960591291e-34
235 5.6654761937734517618e-35 5.6654761937734539e-35 0 1.1330952387546905662e-34
235.5 5.6415460148377037606e-35 5.6415460148377058989e-35 0 1.128309202967540966e-34
236 5.6177671329097208014e-35 5.6177671329097229396e-35 0 1.1235534265819443741e-34
236.5 5.5941382752515214561e-35 5.5941382752515235943e-35 0 1.118827655050304505e-34
237 5.5706581824801587281e-35 5.5706581824801608663e-35 0 1.1141316364960319594e-34
237.5 5.5473256083999174682e-35 1.2621774483536188887e-29 0 1.2621829956792272343e-29
238 5.5241393198369440082e-35 3.2955692679627369573e-64 0 5.5241393198369440082e-35
238.5 5.5010980964763251145e-35 3.2818234257225066985e-64 0 5.5010980964763251145e-35
239 7.7251189991532446704e-31 3.268163405473947719e-64 0 7.7251189991532446704e-31
239.5 8.0203580737726980106e-31 3.2545884942630686778e-64 0 8.0203580737726980106e-31
240 7.9871131019874184421e-31 3.2410979865239821184e-64 0 7.9871131019874184421e-31
240.5 3.0433274380657263427e-35 3.2276911839872342398e-64 0 3.0433274380657263427e-35
241 7.9539388689972572484e-31 1.2569672270890280521e-29 0 1.3365066157790007122e-29
241.5 1.3414575920433957937e-35 5.3658303681735040609e-35 0 6.7072879602169001219e-35
242 1.335942869855576973e-35 1.2518105316835397524e-29 0 1.2518118676264096161e-29
242.5 7.921039065516684124e-31 2.1287393349950723093e-34 0 7.9231678048516798014e-31
243 3.3125373942699676225e-36 2.1200239323327326654e-34 0 2.1531493062754321679e-34
243.5 3.2990030370441211898e-36 2.1113619437081909484e-34 0 2.1443519740786323007e-34
244 3.2855514586465112077e-36 2.1027529335337209876e-34 0 2.1356084481201860996e-34
244.5 3.2721819853950624015e-36 2.0941964706527937516e-34 0 2.1269182905067443355e-34
245 7.8886090522101180541e-31 2.0856921282860994758e-34 0 7.8906947443384049815e-31
245.5 3.098078365355127487e-64 2.0772394839783181631e-34 0 2.0772394839783181631e-34
246 3.0855482331344495609e-64 2.0688381195456666833e-34 0 2.0688381195456666833e-34
246.5 3.0730939643758745444e-64 2.0604876210241660224e-34 0 2.0604876210241660224e-34
247 7.8568322101724436822e-31 2.0521875786186517741e-34 0 7.8588843977510626483e-31
247.5 3.1936524791445935124e-36 2.0439375866524958008e-34 0 2.0758741114439419363e-34
248 3.1808394429969948376e-36 2.0357372435180326489e-34 0 2.0675456379480025104e-34
248.5 3.168103361918330895e-36 2.0275861516276890085e-34 0 2.0592671852468723776e-34
249 3.1554436208841058797e-36 2.0194839173657849988e-34 0 2.051038353574626238e-34
249.5 7.8886090522101180541e-31 1.2471068079469439606e-29 0 1.3259928984690451411e-29
250 2.7225259693663226909e-64 1.2421432036852227971e-29 0 1.2421432036852227971e-29
