#$(time) $(c_NaMSD[1]) $(c_NaMSD[2]) $(c_NaMSD[3]) $(c_NaMSD[4])
0 9.0170689223579320647e-12 9.1319195288839399874e-12 9.4223362522646131895e-12 2.7571324703506480395e-11
0.5 1.8690099276406975951e-05 1.9668619681162617365e-05 1.8366111733102343927e-05 5.6724830690671937243e-05
1 6.279357338338537476e-05 0.26903533797156758967 0.26824758906189449803 0.53734572060684548944
1.5 0.61151398481458452139 1.2425132910237206563 0.9344839347190744272 2.7885112105573806041
2 2.1484774134346733554 2.9854855890503682048 1.9069562697435995524 7.0409192722286411126
2.5 4.383852249553834568 5.3509634301911548349 3.5024404503889234874 13.237256130133914667
3 8.3167846721435463309 8.275056486361853203 3.6723350533091383419 20.264176211814543649
3.5 14.583610259055046043 11.725952396396190025 4.8797676104461613633 31.189330265897396544
4 22.762798831606925631 15.686191383493381934 7.2141535324652910077 45.663143747565577257
4.5 32.611995344849248113 20.145338542801379589 7.6973492877666984668 60.454683175417351038
5 27.40729585556386283 16.933406365542349903 6.4686320390258629232 50.80933426013206855
5.5 23.356167928600029882 14.433201926682642124 5.5124647128755723813 43.301834568158234617
6 20.141150536954761208 12.44886126236774615 4.7539666112459890712 37.343978410568482218
6.5 17.547056367158251788 10.847573481693226327 4.1423143214614270846 32.536944170312914082
7 15.423776630164393708 9.5367615704754040706 5.4912789921183176034 30.451817192758124264
7.5 13.664028422355118053 8.4502372222174368943 8.2521402510849846124 30.366405895657543113
8 12.189472946202108972 7.5397028156377992048 12.22537100586914427 31.95454676770905067
8.5 10.94183256139506355 6.7692451690257664509 17.262153547223846317 34.973231277644700299
9 10.744064224101530058 6.1116423144164562231 25.039895944166346453 41.895602482684346057
9.5 11.225022622325560917 5.9879816323281644941 34.711632501416175955 51.92463675606988005
10 10.231323259275466597 5.4595148709240914897 31.636070658742962536 47.326908788942510853
10.5 9.3645414372467215003 4.9986907646870593069 28.952672180318188566 43.315904382251964932
11 8.6038893194096832673 5.035121283197335984 26.597279601948166317 40.236290204555189121
11.5 7.9326074785750204654 5.9288556791239379606 24.518503534019632895 38.379966691718607308
12 6.4008253185248777939 7.5872189327859258512 22.674550326965935199 36.662594578276717527
12.5 5.9028118642815083916 9.9342818271851776046 21.031343138636131584 36.86843683010282291
13 6.327711088512312898 12.907333842267172841 19.560688995488455078 38.795733926267935487
13.5 7.583411988132983339 16.454267842792237531 18.239298161623278105 42.276977992548509633
14 7.5421529577992680871 20.53142448290497768 17.330082948143708421 45.403660388847960405
14.5 8.8370433839154891587 25.102088103904684147 18.718392094807853709 52.657523582628030567
15 8.295314801009741501 23.559638834196100277 19.145141436223131137 51.000095071428965809
15.5 7.8015999658815076145 22.154925758057995466 18.006204132209482793 47.962729856148989427
16 7.8055574235463023314 20.872144422986753654 16.966112549477514904 45.643814396010554901
16.5 8.6975251024765327656 19.697759419645379353 16.013854967233090321 44.409139489354998886
17 10.407073766759378231 18.620137420409403006 15.139880472641184639 44.167091659809976534
17.5 12.873011283184975895 17.629099603708922928 14.33585654040061641 44.837967427294515232
18 16.042186759184101419 17.170466121891369227 13.594543712299945071 46.807196593375408611
18.5 19.868121771499232864 17.642191917909510579 12.909596327248088699 50.419910016656835694
19 24.310103809075787495 18.976411402641332415 12.275426269213573605 55.561941480930656212
19.5 28.675172284025492786 20.455549182032697786 10.797981797860758846 59.928703263918990274
20 27.333102634135261866 19.947388805665472233 10.293209072436711793 57.573700512237451221
20.5 26.083705236238703407 19.034885452475183598 9.8232229595956361834 54.941813648309519635
21 25.84244176890831568 18.183929347738882143 9.384909433048177263 53.411280549695362652
21.5 27.424975861812587397 17.388921847293932643 8.9754122339857413948 53.789309943092291633
22 30.716548690215709883 16.644945260291947875 8.5922186076695457047 55.95371255817718037
22.5 35.614334154434779123 15.947611981551217397 8.2330408009015290105 59.794986936887532636
23 42.026102393037334082 15.293009882121623377 7.8958747308744507976 65.214987006033425132
23.5 49.583768256987930556 14.677706463446698493 7.5788934453385650158 71.840368165773199394
24 59.423320053315059397 14.098640771932377191 7.1741273790118320619 80.696088204259254439
24.5 71.423886498174965709 13.553098275080127877 7.7029912811975513875 92.679976054452680501
25 68.713942408336833978 13.493502761281813918 7.411635776305522505 89.619080945924181947
25.5 66.155375756259331865 12.990787537661308448 7.1365642801750439617 86.282727574095673617
26 64.207551302190168485 12.515935925780778959 6.8766769604132811367 83.600164188384212594
26.5 63.279151169743101946 12.067092073781882533 6.6308940687137720715 81.977137312238752997
27 63.315596961048974833 11.642481921209490991 6.3983243476562412511 81.356403229914661779
27.5 64.267148326800537461 11.240482707541183061 6.1780948742502168614 81.685725908591962252
28 64.80070429937988763 10.859538934505556185 5.9693830335398709863 81.629626267425294373
28.5 67.143709273392218506 7.5762050370624560713 5.7714549988900705202 80.491369309344733551
29 71.677088571239764292 5.3718826800771601881 5.583599363876578181 82.632570615193529306
29.5 78.747949029714121139 4.6614167271135356074 5.4051221315106827703 88.814487888338362609
30 78.626410638396464492 4.9679324518049261528 5.2353907937024937169 88.829733883903898572
30.5 76.169247847594590439 4.8146915878080580597 5.0737736114474802918 86.057713046850111027
31 73.82579705648923607 4.6684615896327681384 4.9197042883074528774 83.413962934429449092
31.5 71.588761968698364058 4.5288515915575811022 4.772639646613008324 80.890253206868976577
32 69.45148491613662145 4.3954543767110365593 4.6320852590242092006 78.479024551871859217
32.5 67.407838016177279883 4.2679690623195272181 4.497578575021649705 76.173385653518451477
33 65.45241868241421912 4.1461066605804699492 4.3687301448028463824 73.967255487797530122
33.5 63.580227188069954991 4.0296019090539481056 4.343366278549473769 71.953195375673374201
34 61.786761307688216505 4.1115349219020647098 5.2440016803798261691 71.142297909970139358
34.5 60.067912743383431007 5.5906966977536383112 7.0326342681687981084 72.691243709305879861
35 58.419970827976328565 5.4417551300972082373 6.8418995352395945986 70.703625493313140282
35.5 56.839390187459486015 5.2990522128193875417 6.6587453006969905545 68.79718770097584013
36 55.507961768220830834 6.3989002307079694276 6.4828347651678601693 68.389696764096655102
36.5 56.083750601184505058 8.3831021793599003189 5.4545182829773164457 69.921371063521689848
37 56.676216029298949195 11.218273790110513843 5.3942126460564177037 73.288702465465917157
37.5 59.103315533287016592 14.873179708830129186 6.2648789443333727789 80.241374186450528327
38 60.211595970856386373 19.318647062708631523 8.031767118483172041 87.562010152048188161
38.5 64.065459516981789534 24.527342821561326502 11.126925550310220459 99.719727888853356035
39 66.624061328195097076 30.473754076970990923 15.964838528977566057 113.06265393414369669
39.5 73.239436632628752477 37.133955262520238705 22.484235014696238864 132.85762690984523715
40 71.484694274330863095 36.244576257689750776 21.945823543687669854 129.67509407570827307
40.5 69.793598889926755646 35.387052240846287532 21.426029428540449118 126.60668055931346032
41 68.162836233705860423 34.560144243562000099 22.171941874744117484 124.89492235201198866
41.5 67.111015533120607301 33.762690803322236377 23.82405741718961778 124.6977637536324437
42 69.128839884376091618 32.993508848584632176 26.351694225118233561 128.47404295807896801
42.5 72.952749656194725958 32.251470544017529107 29.726069972674782349 134.93029017288702676
43 78.52318810867029697 31.53525685616706653 29.058168044931186103 139.11661300976848565
43.5 85.784002371981458168 30.843661734044353295 28.412240968902406024 145.03990507492824236
44 94.681918779091120086 30.1753310758359099 27.787683817737651282 152.64493367266464929
44.5 105.16675390577312044 29.529055070748849943 27.183993610947638331 161.87980258746955542
45 102.9142194771699792 28.903703141151126488 26.600597770228574745 158.41852038854966622
45.5 100.73208494437847094 28.298215063071474162 26.036914531659313354 155.06721453910927266
46 98.617711330957305904 28.215414028512658007 25.492233973803259062 152.32535933327321231
46.5 96.568722586797818508 29.072284476759040928 24.965836382614966737 150.60684344617183683
47 94.583012907486235576 30.840181322784538054 24.456793492074972107 149.87998772234573153
47.5 92.658402996688508324 33.989359620588508903 23.964300237589704068 150.61206285486676393
48 90.793025468544612977 38.919654869642030803 23.487413170634471982 153.20009350882108379
48.5 85.09331682113422346 45.579911108158555066 23.025210904361795627 153.6984388336545635
49 80.501799248877347281 53.921479850969888048 22.576774973525527201 157.00005407337275187
49.5 76.985037827248106623 63.898184985576996553 22.141292616851909969 163.02451542967699538
50 75.501652246432044535 62.67293514710644331 21.717932540031032573 159.89251993356947423
50.5 74.062331698046165229 61.483319800793040599 21.306059504133060045 156.85171100297228008
51 72.665029461729560012 60.328150939246114604 20.905131421070080933 153.89831182204574134
51.5 71.307649311800545888 59.205928066458177739 20.514748491217002169 151.02832586947570803
52 69.988055845429173019 58.115286364496050453 20.134592779619996605 148.237934989545181
52.5 68.704344659397349915 57.054662289491041349 19.764561678799381639 145.52356862768769474
53 67.944004151831720151 56.022725762174545139 19.404506998851097421 143.37123691285739824
53.5 68.621850724940941291 55.018178527468521111 19.054336527817067548 142.69436578022657613
54 71.166901316640405639 54.039829461584091064 19.190706198352259548 144.39743697657675625
54.5 77.61276726200115661 52.540002877763811284 20.267632286566286126 150.42040242633123626
55 76.248955150956035709 51.620965174895388827 19.914352513537682654 147.78427283938910364
55.5 74.920086209776755481 50.724988993543341564 19.571083190729353873 145.21615839404944381
56 73.625516755058342255 50.631295812521805999 19.237400133042797279 143.49421270062296685
56.5 67.232765153161437865 51.483973074609664877 18.912869519045692357 137.62960774681681642
57 61.94818079021149515 53.25939528445275073 18.597018927506471897 133.80459500217077107
57.5 57.743210234382324586 55.935197132316403668 18.289354643308250559 131.9677620100069646
58 54.590332573216606704 59.489896295897651157 17.989355203677355632 132.0695840727916277
58.5 52.462957709474657975 58.634932407301050716 17.160647967664161229 128.25853808443986281
59 51.335270297661544703 60.64217031201964403 17.296749711506624436 129.27419032118777409
59.5 51.182509964029044625 59.99320058111549514 18.374046163599327741 129.54975670874387106
60 50.365311599478822302 59.032976178358843811 18.078728843889056321 127.47701662172673309
60.5 49.568194097614053817 58.096366819700890005 17.789357172116922357 125.45391808943188039
61 48.790204663707392285 57.182336016474089035 17.505880711611776945 123.4784213917932334
61.5 48.030539093235837811 56.289858737950446255 17.228276367692171078 121.54867419887848712
62 48.965642481946858311 55.41803019770156169 16.922555302910307518 121.30622798255870975
62.5 48.487716344815389391 54.566016084694886956 17.572708291217640664 120.62644072072794188
63 50.415124557231671076 53.733139245944073537 19.157273451594367231 123.3055372547701154
63.5 55.144243145726257183 52.918762999263641689 21.655680492351823574 129.7186866373417331
64 62.613134632826145776 49.457507844549432718 25.04809932690951868 137.1187418042850652
64.5 72.762320843171053752 47.973103680691188799 29.315477736713663859 150.05090226057586733
65 71.687638477524060932 47.26227308731336052 28.881331636362414628 147.83124320119983963
65.5 70.637105555017896563 46.567205590590489805 28.457888684958945191 145.66219983056723208
66 69.610114538693423469 45.887769047478599305 28.044748440020750735 143.54263202619276285
66.5 68.606190114286349058 45.223787625911050725 27.641376839935166032 141.47135458013252673
67 68.173544978369790215 44.575086824776228411 27.247181706233444487 139.99581350937941693
67.5 68.704472790301807095 43.941549668711815002 27.350655100476796378 139.99667755949039361
68 70.178775403273405686 43.322824173380581669 28.404711665582460967 141.90631124223639858
68.5 72.576916238207616061 42.718455831468453709 30.38929273262226971 145.68466480229835724
69 75.879991728023753694 42.643442357542376442 33.284800354999624972 151.80823444056576932
69.5 80.069757105442988632 43.52452529549878335 37.072409375929808562 160.66669177687157344
70 79.717682548196862058 42.932948887697456541 36.562316069834906784 159.21294750572926091
70.5 78.633939960738189257 42.353291669565820143 36.061130575756543237 157.04836220606054553
71 76.259758960931833371 41.784813638908346434 35.568805316892984081 153.61337791673315678
71.5 76.566786187885767845 41.226987406065632058 35.085442823450051719 152.87921641740143741
72 78.77865126813846075 38.842967055812550825 34.611315622647204293 152.23293394659819455
72.5 82.858387137724719196 38.415973539774284973 34.14663381516673013 155.42099449266575562
73 88.770489617723569609 39.907589994046766435 33.691794528329538139 162.36987414009982444
73.5 93.364479500491739827 43.280657927877427937 33.246961834858389295 169.89209926322754995
74 100.74054735125862692 48.499283909683668981 33.270349183030056395 182.5101804439723594
74.5 110.84665457728057447 55.528930748672017614 34.251235612436971678 200.62682093838952824
75 109.44039046526226855 54.816952971133325434 33.813538474586458449 198.07088191098202401
75.5 108.06265394767763155 54.118752632912674017 33.385622896520196434 195.56702947711048068
76 108.58274380030563577 53.434543720893856289 32.966613885163283726 194.98390140636280421
76.5 107.60075161847260006 53.24966801804841765 32.555606632654814803 193.40602626917589646
77 108.55502088864251675 54.026726586831784971 32.151758364254902745 194.73350583972919026
77.5 111.96643742659888687 56.315818390455710585 31.754275129928085875 200.03653094698267978
78 118.19247726055958481 60.478828993252143675 31.362632665287666356 210.03393891909942681
78.5 127.18203474506185557 66.481263845915606225 30.976455891729052894 224.63975448270650759
79 138.88585160829831011 70.875264045977786509 30.595620790447679127 240.35673644472373667
79.5 153.71279638822613833 76.146277547221927762 28.612108730201320839 258.4711826656493372
80 151.88841979808941574 75.230865441753820733 28.262393631516573578 255.38167887135978162
80.5 150.09585854143750794 74.330696592302913928 27.917969222616456193 252.34452435635691359
81 148.33429686706060124 73.589427552013106038 26.731168430819316484 248.65489284989308771
81.5 146.6031933997545309 73.819014250798389298 26.527915432671296259 246.95012308322421291
82 144.90213568124306676 75.002943813508991866 27.291451700153061211 247.19653119490521931
82.5 139.05096987324526481 77.124886485382717183 29.005381383180711907 245.18123774180867258
83 134.26203154957460129 80.16915297932710871 31.653501506028216994 246.08468603492991633
83.5 130.5166749969948512 84.596716993128453055 35.220095617060138693 250.333487607183514
84 128.41900612645471824 90.869188312782242178 39.689656843358839922 258.97785128259590692
84.5 128.28121494911573564 98.956139326483423702 45.047216680659353472 272.28457095625856255
85 126.84983625755843661 97.825991652146939259 44.545618502395647909 269.2214464121010451
85.5 125.44281217473553625 96.71576387978180378 44.053113810119505445 266.21168986463692363
86 124.05931254033160371 96.091921402768321059 43.569110175156978926 263.72034411825694633
86.5 122.69851204097838604 96.444111135464467566 43.093159585410965917 262.23578276185372715
87 121.35942385094864449 97.756068292543076836 42.624718923469771426 261.74021106696159222
87.5 120.04137874962458454 100.01213041366911227 42.163451420292986427 262.2169605835866264
88 119.82122069911660844 103.19701825093403613 41.709072283586671404 264.72731123363729466
88.5 121.20307814618639952 107.29588875007620175 41.26143390387722576 269.76040080013990519
89 124.49076432611698806 112.29415813319999984 40.820448533041925998 277.60537099235892811
89.5 129.65341340649570157 118.20692036821219517 40.386060353911595655 288.2463941286194995
90 128.7343330944584352 116.9334330083549105 39.958311477454678595 285.62607758026808824
90.5 127.37102404969895986 115.67949558547836375 39.537305973324890829 282.58782560850221444
91 126.02801364584490784 114.44447049429491869 35.912072627357176202 276.38455676749697432
91.5 124.70544563318327391 113.2281610296397929 33.310082129344017687 271.24368879216712003
92 123.40343277810313793 112.03019201389567172 31.715382302349251376 267.14900709434812143
92.5 122.12238011307294983 110.85045647268070468 31.112343558076091199 264.08518014382980255
93 117.08349177087224291 103.61446800372922894 31.932546019953292671 252.63050579455475031
93.5 113.0898793070310262 97.45887053844793968 34.670336365889355079 245.21908621136830675
94 110.12506405901872597 92.367262324600758916 41.153907632050341192 243.64623401566981897
94.5 105.45765536825230413 88.323621417433670899 49.991688315527881059 243.77296510121388451
95 104.39801783090464937 87.423883490631098425 49.492703796556540397 241.31460511809228819
95.5 103.35494190927117586 86.539047708030082617 49.000510033118331421 238.8944996504195899
96 102.32788272428560106 85.668861481534023028 47.531445019322823953 235.52818922514245514
96.5 101.31615003503426919 84.812675269005879386 47.051880481974563963 233.18070578601472675
97 100.31930444432936156 83.970068400042094936 47.547338187867595138 231.83671103223906584
97.5 100.16794259310654525 83.140426242138374846 49.003516453478319193 232.3118852887232606
98 100.98713652716284628 82.32327285101304426 48.70752938943570598 232.01793876761161073
98.5 102.76238615259035214 81.518068617050047919 50.352253309570741635 234.63270807921117012
99 105.47929915268296952 80.724449198897218594 53.909472714097113055 240.11322106567723722
99.5 109.12413763337943351 79.942085472397025114 59.351623865587271212 248.41784697136375826
100 108.07546162389205335 79.170675976414742081 58.781544660036253447 246.02768226034305599
100.5 107.04168104943265405 78.410265991927417417 58.220029877134464869 243.67197691849452212
101 107.35404458266448557 77.660803135106121431 57.667416199093160856 242.68226391686377497
101.5 108.63282054249962982 76.922397281143219061 57.605700950287022977 243.1609187739299216
102 110.86484712852886503 76.195199756081365194 58.518930471763937362 245.57897735637408232
102.5 114.03724065787854158 75.479427201635147071 60.393767632477242557 249.91043549199093832
103 118.13736990942184946 74.775191226773600306 63.216805615643551164 256.1293667518389725
103.5 123.64296662788756009 74.082426892480697234 66.975212780414466351 264.70060630078273789
104 131.01617999853266383 73.401024620567852708 71.656047534019350564 276.07325215311993816
104.5 139.33718642343703209 72.730680355271644544 77.246985027694449855 289.31485180640316912
105 138.06874298616324381 68.617062903295334308 76.548739115634745644 283.23454500509342324
105.5 136.81733473017149549 67.998299948656239167 75.860292536512233141 280.67592721533998201
106 136.05663696723576095 67.388685782548947145 75.181191152220222307 278.62651390200500146
106.5 126.71990830280685714 64.53227320578173476 74.511092600133082442 265.76327410872164592
107 120.4423524385987605 63.659941334104708233 73.849690771427773939 257.9519845441312782
107.5 117.1829916732332606 64.745110173328711767 73.19687892365720927 255.12498077021911058
108 116.90211455054053147 68.26902795334962093 72.552611658659813543 257.72375416254993752
108.5 119.56104784093254523 74.664911573021129243 71.916862368984610043 266.14282178293831294
109 125.12240114409725322 83.89503923095558946 71.75434538735937906 280.77178576241220753
109.5 133.5493117305695705 95.922568459470255675 72.568171890822711134 302.04005208086260836
110 132.37477985681087489 95.090903030991825062 71.942126827554758961 299.40780971535741628
110.5 131.21670439593756896 94.269399387404618551 71.324861168187496219 296.81096495152962689
111 127.78041183314269347 93.458178581878001978 70.716295794667630048 291.95488620968831128
111.5 125.36522279846421668 92.65742709528602461 70.116150192959651122 288.13880008670997768
112 123.95798047693203614 91.867125175755674604 69.524179750568791292 285.34928540325660151
112.5 123.54563101512793821 91.087385852749676474 68.939951041901395001 283.57296790977903811
113 123.06027985168859118 90.836890291198656655 68.363297352568395127 282.26046749545560033
113.5 125.0073246987593194 91.566061145226996132 67.793795187772289523 284.36718103175854822
114 130.36355528910380031 93.262362910829864404 67.231143282066256006 290.85706148199989229
114.5 139.56468191490031927 95.913529857824585179 62.437218831938615438 297.91543060466358384
115 138.40421648304482005 95.608016124854884765 61.922686278118831638 295.93491888601852224
115.5 137.25784698575486686 94.818610778429814445 61.413769352208781527 293.49022711639349836
116 136.12499227058273732 94.038736297368160422 60.910295234331513825 291.07402380228239736
116.5 135.00492330480494729 93.26811301527217779 60.412312247658732645 288.68534856773578667
117 138.77980512482864128 92.506562211578426513 59.919907159445479294 291.20627449585253999
117.5 143.48409549338805391 91.753870954250672298 59.898606949950313094 295.13657339758901799
118 149.10671624170780092 91.451168149846921551 59.00190244450977417 299.55978683606451796
118.5 155.63689361811933054 92.131542208489619838 61.059608845676251576 308.82804467228527301
119 163.06459228899788627 93.783103342595154572 66.035807986328322272 322.88350361792140575
119.5 171.37998054733748177 96.394401723711538921 73.290260261169606792 341.06464253221867011
120 170.00326756547048035 95.624439760915862507 72.706274415309124493 338.33398174169542472
120.5 168.6447005391500511 94.863695256553342006 72.129375233232281062 335.63777102893561732
121 167.30419032855655814 94.112058348434416644 71.559325374883727022 332.97557405187478707
121.5 176.43432440854604693 93.369294547814519092 70.996031628509342681 340.79965058486988028
122 186.4371610783339861 93.136445150592251707 70.439290006108379316 350.0128962350345887
122.5 197.30320107838403487 93.886084110404510739 69.888947786820097008 361.0782329756086142
123 209.49966104191929617 95.606671732131673025 69.344863866085916015 374.45119664013691363
123.5 223.51065934997939166 98.287039080092199583 68.806887390800255844 390.6045858208719892
124 239.31545775309731994 101.91626064838223442 68.274903702173432407 409.50662210365317151
124.5 256.89304816900084916 106.4834289704559751 67.748793088316958233 431.12527022777368302
125 258.06928260655723761 109.74610800871357696 67.228534888503929778 435.04392550377474436
125.5 256.08989858942140927 108.90697405175865242 66.714197087442713041 431.71106972862270368
126 254.12955515550623886 108.07684384544418776 66.205734183897689604 428.41213318484795991
126.5 252.18798525782437991 107.25550291043454365 66.781871977845781885 426.22536014610460597
127 250.26524664305185297 106.44275820356729412 69.309275370034939101 426.01728021665405777
127.5 248.36221982884552517 105.63846815363976361 73.76573969227254679 427.76642767475777873
128 246.47962603192388542 104.84249193389500476 80.129405356910524461 431.4515233227294857
128.5 244.61815210511454666 104.05479042588578409 88.378855759310596341 437.05179829031084182
129 242.77832285502196896 103.27526514132526358 102.36125508760787284 448.41484308395496328
129.5 240.96030673473376282 102.50381736165562074 119.13285220681213161 462.59697630320147255
130 239.16405542069699663 102.22460959300188676 118.25009981703358619 459.63876483073266854
130.5 237.38951233662160689 101.46476651435200722 117.37743623952866301 456.23171509050234818
131 229.25157926552773802 100.71300122573111935 116.51471758594554728 446.47929807720419149
131.5 222.18604532890344672 99.96930572572740914 115.66177757771116319 437.8171286323419622
132 216.65900100740861944 99.744694846435379532 114.8184942571318885 431.22219011097575958
132.5 213.15565231847526206 97.769507092586295016 113.98459467425934122 424.90975408532085567
133 208.72133660454375104 97.782819070498575798 108.45383908650866545 414.95799476155104912
133.5 207.27661985145391554 99.763032684992580812 105.00440914778420165 412.04406168423076906
134 204.414192305546635 103.68850192532939047 103.55464126904563216 411.65733549992177132
134.5 204.88894767636097072 109.53807174820732939 105.80605219395602035 420.23307161852420677
135 204.42874999476444486 108.75579179337836422 105.04780008704040029 418.23234187518323779
135.5 202.96044131501307106 107.98109618908402751 104.29615915448823671 415.23769665858526423
136 197.97742815059999089 107.21372454830660104 103.55127839503741427 408.74243109394370776
136.5 193.96195095830850619 106.45355763186486797 102.81335127007896801 403.22885986025221428
137 192.93808393205620177 105.70056884445712342 102.08285562941675551 400.7215084059300807
137.5 193.95764442322882815 104.95464199179026821 101.36017628053100736 400.27246269555024583
138 196.93429289980963404 104.21585391464368797 100.64553364504158139 401.79568045949508814
138.5 201.8479694864504097 103.48422442456042347 99.939066368936607887 405.27126027994739843
139 208.67899604070240116 102.75977800664175277 99.240741550403370752 410.67951559774752468
139.5 217.40774014718294893 102.04271414712009403 98.550314414621794867 418.00076870892496572
140 218.41694907886042643 101.33311843989918088 97.867640274618068474 417.61770779337774684
140.5 216.9055971862327965 100.6311818234770783 97.192405311801707057 414.72918432151146817
141 215.41081109246340475 99.9371144218470846 96.524276523833691499 411.87220203814422348
141.5 213.93217028888827258 99.25095154172936418 95.86294987710788007 409.04607170772555946
142 212.46890528752592786 98.572656540813980541 95.208063545257232363 406.24962537359704129
142.5 211.02040132855117349 97.902069725054872151 94.559252196791234724 403.48172325039723773
143 209.58573889603809448 97.239088835286551671 93.916367232999817816 400.74119496432427923
143.5 208.16403256455694759 96.583340337300668921 93.279124496905396313 398.02649739876301282
144 206.75442483719845654 96.381730615471653323 92.647433891290674524 395.78358934396078439
144.5 205.35647763245506781 97.169277138428853391 92.021445115542704229 394.54719988642648332
145 203.96986883889130127 96.521466223387037076 91.401322212776705101 391.89265727505517134
145.5 202.59483261347159555 95.880175641980059709 90.787326500528266138 389.26233475597996403
146 201.23189302796910738 95.245447121523937994 90.179824981937088069 386.65716513143013344
146.5 199.88140958181651285 94.617094197882124718 89.578966081191907733 384.0774698608904032
147 198.54404995772225107 93.994911532029448153 88.984833360058317453 381.52379484981003088
147.5 197.22025744473657483 93.378863160210642036 88.397463978259182227 378.99658458320629961
148 195.91042420466152407 92.768879380317045502 87.81671414302326184 376.49601772800190247
148.5 194.61475402339442553 92.164768348286969513 87.242333939193670744 374.02185631087508
149 193.33330084499851864 91.566658979229899273 86.674002733555838063 371.57396255778422756
149.5 192.06616494486451074 90.813822224120244186 86.111435433784251359 368.99142260276909155
150 190.81307009963117594 90.22860734412942918 85.554400429626227265 366.59607787338683238
150.5 189.5736793011084842 89.649347630436139411 85.002485814888288473 364.22551274643291208
151 188.3474334884992345 89.075747809596094839 84.455401126963096203 361.87858242505831186
151.5 187.1336464468762415 88.952102931021101995 85.799094952974996886 361.88484433087234038
152 185.93152468332451122 89.817602402345229962 88.115183927406022235 363.86431101307567815
152.5 184.73994965470723173 91.662634183179307001 91.393816265889071815 367.79640010377551107
153 183.55812261227939075 95.031263975356836227 95.625468456249052451 374.21485504388539312
153.5 182.38508171506879307 100.34001832536321785 95.532859300716538087 378.2579593411485348
154 181.22057935272491136 107.57048309210483694 96.427207084781784374 385.21826952961168899
154.5 183.5233275536333224 112.47444644904527422 98.299710573642698819 394.29748457632132386
155 182.35443311888363382 111.76758265582401464 97.6773396295275802 391.79935540423525708
155.5 181.19519113115521236 111.06638323489528375 97.061389479786257084 389.32296384583673898
156 180.0462064095589767 110.37084432058844641 96.452003690870157016 386.86905442101749486
156.5 166.15855709444201693 109.68090136844742233 95.849243122179018428 371.6887015850685998
157 153.38901055069803192 110.19450156739362967 95.252724792802396792 358.83623691089411523
157.5 141.72679063808183741 111.68947360502517085 94.644009626675952518 348.06027386978291815
158 131.16118638218082992 114.68666881934441903 94.75450521180243868 340.60236041332757395
158.5 121.68153428737578281 123.7467923209017755 96.845488544521899144 342.27381515279955693
159 109.92637296789817469 135.68479032134726481 106.5159629442684377 352.12712623351393404
159.5 100.2533314902072874 150.4741250414702165 119.07040011090863629 369.79785664258611178
160 99.63813606716421134 149.26177593039170688 118.34162875773344581 367.24154075528934982
160.5 99.029532072117817165 148.34666994677397156 117.61784920722797665 364.99405122611983643
161 105.40953160115662968 147.43989314778190192 116.89902673660066057 369.74845148553919216
161.5 113.70809056741774157 146.54137603105928633 116.18518421515990724 376.43465081363689251
162 123.90734958241341701 139.68931624171915473 115.47654577571341861 379.07321159984593351
162.5 135.98912652088259279 133.88742562539661662 114.77351330667585216 384.65006545295506157
163 149.93589740123786669 124.76634172569542613 104.56997330732858131 379.27221243426197361
163.5 165.73021523732199967 116.77944620596478842 96.435602184073644594 378.945263627360589
164 183.35526646369504533 111.82928811094380706 90.351579933767141029 385.53613450840589394
164.5 202.79521508753151693 109.88761858233132784 86.299136485844599065 398.98197015570735857
165 201.57827831689300524 109.2362982079687157 85.785009638914218044 396.59958616377576845
165.5 200.37114625179776795 108.59012060423583534 85.276079411274849917 394.23734626730851005
166 199.17437282700183232 107.94885145449582353 84.772135192566551609 391.89535947406420746
166.5 184.84844419873331844 107.77035989481493061 87.669406314377098965 380.2882104079251917
167 171.63789873355179338 108.58284509083058822 91.530119498761578711 371.75086332314401716
167.5 159.53262347524389497 110.37771014640755141 96.345574568705501406 366.25590819035693357
168 148.52250519040151744 113.14648978773662691 102.10683874172110563 363.77583371985917893
168.5 138.59743917582204631 116.88103848487125447 108.805214252138299 364.28369191283167083
169 129.7475204131429507 121.57299423583692999 116.43198845886303161 367.75250310784292651
169.5 128.9915361339859885 127.21433569657574481 124.97857677896730877 381.18444860952905628
170 131.618570054402511 130.71826267920846476 124.25237137268024412 386.58920410629121989
170.5 130.85729778425405812 129.96280524832184256 123.53080646370223405 384.3509094962782342
171 124.31972278565189072 129.38614685019300055 122.81421948140575751 376.52008911725067719
171.5 119.37472350993093073 129.80466307906294787 121.04115546402346126 370.22054205301731145
172 116.44917479741975797 131.68725558817496335 121.26225181242664064 369.39868219802144722
172.5 115.52510287879209727 135.53045503768393587 123.46109412529439453 374.51665204177044188
173 117.08555963522313448 141.31748784214767056 127.62131414387648931 386.02436162124729435
173.5 119.44399620118598193 149.03173405694747089 133.72659064788905425 402.20232090602252129
174 125.73301075498234525 153.12288837470032377 137.10096323844723543 415.95686236812991865
174.5 135.91920335712802625 160.64137507329974142 147.53325234017091816 444.09383077059874267
175 135.1515393769239779 159.73321071179503861 146.71165151570690455 441.59640160442597789
175.5 134.38891570974948309 158.83163441792692083 145.89697745427665154 439.11752758195308388
176 126.87329196795769803 157.93661264085611151 145.08867468404494616 429.89857929285875571
176.5 120.40900318190539053 157.04822406925723044 144.28606234012747223 421.74328959129002214
177 114.98709035325025241 156.16665266887528674 143.99797339869385837 415.15171642081941172
177.5 110.59883809953407763 155.28723865992117226 144.69959536342000206 410.58567212287522352
178 107.23541983128542654 156.40091070768278314 146.38260646990329406 410.01893700887137584
178.5 106.6396904717156815 159.49091729482634605 149.03891731308351609 415.1695250796254868
179 106.04978507615328454 164.54042124533171432 152.66060825492914432 423.25081457641414318
179.5 98.876504125286459157 171.53253250157106891 160.36436178126928098 430.77339840812686589
180 98.334359423268878686 170.58591565068491036 159.48472027773149762 428.4049953516853293
180.5 97.797108535051975764 169.64596208661276933 158.611737166133139 426.05480778779798356
181 97.264288641973990934 168.71250894556069966 157.74558110182914561 423.7223786893638362
181.5 96.735331261496625643 167.78576263233210852 156.88650045675515798 421.40759435058384952
182 96.209804463482385017 166.86569596780589109 152.96035132840373194 416.03585175969209331
182.5 95.687252487568301262 165.9525512185275602 150.05531501546062145 411.69511872155641186
183 95.167340538626660873 161.64750892695786888 148.16271589781871398 404.97756536340330058
183.5 94.649941985436115033 158.36767073583931165 147.27384374605821904 400.29145646733354624
184 94.135210874190931918 156.10410739131057767 147.37998165779202964 397.61929992329356764
184.5 93.623291639075489456 154.8478424651871137 146.59000535208807037 395.06113945635058826
185 93.114759978286684827 154.01287429993624301 145.80543476544900727 392.93306904367182142
185.5 92.609976758380966544 153.18408399770785877 145.02602320781522849 390.82008396390409644
186 92.109572631781020391 152.36166168758555273 144.2519111241926737 388.72314544355924681
186.5 91.61395964089284405 151.54543415607457746 143.48290074228285107 386.64229453925031521
187 91.123593020895953032 150.73564367537943554 142.71914777487438641 384.57838447114983182
187.5 90.638683667018142387 149.93230616594252069 141.96079642187939385 382.53178625484008535
188 90.159286298372848023 150.37631210368596157 141.20799479981403124 381.74359320187284084
188.5 89.685242510836673091 151.80794690352203702 140.46068760108397555 381.95387701544262882
189 89.216221611103392775 153.38999461314520545 139.71886548468339129 382.32508170893180477
189.5 88.751660119353459777 156.94069076138629271 138.98277570528648539 384.67512658602623787
190 88.290849683045024676 156.12198029091251783 144.33059484404714112 388.74342481800471205
190.5 87.833111840087838118 155.30963881213867239 143.57338117090253604 386.7161318231291034
191 87.37764146749893257 154.50361043092308933 142.82171535329416656 384.70296725171630214
191.5 86.923850860956989095 152.70431763218797983 142.07582921013329269 381.70399770327833266
192 86.471269694662140637 151.90963643113940407 141.33537115594239708 379.71627728174394178
192.5 86.01975389274338113 152.11162687213825961 132.5399459201424861 370.67132668502398474
193 85.56944051692559583 153.84453384788966446 124.8012267752545057 364.21520114006983704
193.5 85.120560052565807041 157.53884132359667092 119.15411118026192128 361.81351255642431397
194 84.673554363973522641 163.69752113319461273 116.51677019021144588 364.88784568737958125
194.5 84.228926464868095536 172.77187838271649412 124.24231012484243308 381.24311497242695168
195 86.334901192622979238 171.88968135227480616 125.20406750903546822 383.42865005393321098
195.5 85.88321007711185473 171.01287185959381532 124.56131325106120755 381.45739518776684918
196 85.435629210662511923 170.1414580501811713 119.9201337231304052 375.49722098397398895
196.5 84.992387184801074795 169.27560311737011034 116.30290712608633896 370.5708974282575241
197 84.553586209312442179 168.41539625351691711 113.70178336939321184 366.67076583222257113
197.5 81.132108948298167661 167.6618100652581802 112.10916507404168385 360.9030840875980175
198 78.726706402209657654 167.90314234926361792 111.5172174315657827 358.14706618303910091
198.5 77.329129833989341591 169.13191468986806854 111.91838432618452259 358.37942885004201798
199 80.404720325992158791 171.3405066969792756 113.30499867678774706 365.05022569975920987
199.5 85.432702704258559834 174.52122283442824369 115.66961540216877324 375.62354094085554834
200 85.000154186092458986 171.69842704965313374 115.08752177333057887 371.78610300907621422
200.5 84.568814658338126833 170.84163415688394139 114.50932492457981482 369.91977373980176935
201 79.724511717957341261 169.9912671003817195 115.70896406358504294 365.42474288192408949
201.5 79.008025018491153446 169.14738890570291119 117.88829723808076722 366.04371116227486027
202 80.274267133469251689 168.30991855033815341 121.56949512272706215 370.15368080653450988
202.5 82.662971293757792068 167.9813809612695934 127.20723152746539597 377.85158378249280986
203 87.999681637274548507 168.64443738307122089 134.78691685810420609 391.43103587845001812
203.5 96.262447768628064182 170.29139693150091261 144.2939690692213901 410.847813769350239
204 107.42949372092618887 172.91509514656385704 155.71433683269648895 436.05892570018653487
204.5 121.47954958488810462 176.50801811255055895 169.03417898754756266 467.02174668498633991
205 120.87863708949392105 175.64883876584033828 168.20529126172723977 464.73276711706142805
205.5 120.28369909025447271 174.79586597148960436 167.38326712397434903 462.46283218571841189
206 119.69491805450456923 174.48045117008888383 166.56843791710028313 460.74380714169370776
206.5 119.11229753236820272 173.18784141396437803 165.76074351935770324 458.06088246569026978
207 118.53577249178808017 173.88090366994373426 164.95998347155352803 457.37665963328532825
207.5 117.96476322518793722 176.54519131428222067 164.16586109655875703 458.67581563602891492
208 117.39899474249217803 181.16628721349604803 163.37782200360803131 461.94310395959627158
208.5 113.80924767695732669 187.73007327405741762 156.22847611639210186 457.76779706740671827
209 120.96621252065213525 196.22215301387140585 151.10760952313754046 468.29597505766110999
209.5 130.0486571179779105 206.62847797565896713 148.00006361255060483 484.6771987061875393
210 129.43081783981867261 205.99522689891358596 147.2981986782850754 482.72424341701741923
210.5 128.81533815957200773 205.02217988572343188 146.60003418304876277 480.43755222834431606
211 127.29359206409161231 204.05551591551781598 152.32802340430077948 483.67713138391019356
211.5 127.76303613090871636 203.09502343619723774 159.00196769375205008 489.86002726085791892
212 130.20967827262555261 205.37176823065030362 166.6151523304761497 502.19659883375203435
212.5 134.61977640255307165 208.6194601869725318 177.58853820685368419 520.82777479637934448
213 140.97989801967449353 212.83074828995370353 190.45835316211108079 544.26899947173933469
213.5 149.27672162717826154 217.99905380206294581 205.21136744047623779 572.48714286971744514
214 149.02523492344653278 224.62650576474473496 221.83435311331083994 595.48609380150196557
214.5 151.7414332765214624 233.17895546190763412 240.31443044208305082 625.23481918051220418
215 151.02849107043397225 232.0941023770770073 239.19295759083618691 622.31555103834728015
215.5 150.32158016314460269 231.01664354457076911 238.07951357910971524 619.4177372868251723
216 149.62062057952269356 229.94663313859967957 236.97433755871827543 616.5415912768405633
216.5 148.92547297964523523 228.884223235712426 235.87686125952839689 613.68655747488605812
217 148.23597783768374825 227.82940680630764518 234.78674192573498658 610.85212656972635159
217.5 147.55169350592345268 226.78198717529974715 233.70369608859033406 608.03737676981359073
218 141.85784990774473613 225.74172653921394271 232.62726504199056876 600.22684148894938971
218.5 146.4862838804063756 224.70832887557193658 231.55721093191095861 602.75182368788932763
219 153.05634017342379138 223.68133307997857173 230.49332155652706433 607.23099480992948429
219.5 161.55371285028832062 222.6604816714484798 229.435301462016497 613.64949598375346795
220 160.81467747157233816 221.64548313211119535 228.8602078121379293 611.3203684158214628
220.5 160.07922890259527549 220.63622197264564306 227.81133284412609896 608.52678371936701751
221 159.34786507855699256 213.14805775729803372 226.7680470293661017 599.26396986522138377
221.5 147.50817363748004141 207.69104818229686771 225.73044011953865606 580.92966193931567886
222 136.73759331366721881 204.25131029810000882 224.69868356021726186 565.68758717198443264
222.5 127.02913703025021164 202.81491870627451135 223.86097390928711093 553.70502964581180549
223 118.37542236259665174 203.3684386970085427 224.01523855831194965 545.75909961791717251
223.5 110.76874057022990883 202.40181605387880381 225.15542140203982058 538.3259780261485048
224 104.20147051161970353 204.40449633807182295 229.09457682200920203 537.70054367170087062
224.5 98.665743440897657024 209.35632859600403322 225.52633320876950052 533.5484052456711197
225 98.230817828814650738 208.41882356301513823 224.51516526776424598 531.16480665959420548
225.5 97.799058085552715625 207.4880458250475499 223.51257418533603527 528.799678095936315
226 97.370174299070086477 206.5638738292205403 222.51865346367407028 526.45270159196468285
226.5 96.943960308976201645 205.64610530599756544 222.04343496237507338 524.63350057734885468
227 101.81269091296194063 204.7345181466383508 222.55924677348940577 529.10645583308973983
227.5 107.63544272538437951 205.32954134183540873 224.0585874555536634 537.02357152277329533
228 114.4058915204785194 206.90627646153075148 226.53415017538875986 547.84631815739817284
228.5 127.11311579174568465 209.45777119537356725 229.97868925345926527 566.54957624057851717
229 141.70826069011218351 212.97732402677647201 234.38545549751111707 589.07104021439988628
229.5 151.23563376367391697 217.45813410269093424 239.74750555849271905 608.44127342485739973
230 150.57781879708448969 216.50218848985565501 238.70055456217917822 605.78056184911940818
230.5 149.92375985099545233 215.55138029403551059 237.65887712525156417 603.13401727028247024
231 149.27367944614010753 214.60575240297612254 236.62253585035369952 600.50196769947001485
231.5 148.62771523608375901 211.37541193539129836 235.59146147749109446 595.59458864896623709
232 145.97697358535739909 210.13795220786713003 234.56604928554625644 590.68097507877075714
232.5 145.34823533644410531 210.88027270786477629 234.00840816580060277 590.2369162101093707
233 144.72375349249062992 213.58953403417476125 234.44187839980955346 592.75516592647488778
233.5 144.10346253112859927 212.9366376293178007 235.86067679344714065 592.90077695389356904
234 143.48737890287560504 215.24448456360855175 238.25870522865631074 596.99056869514038226
234.5 142.87539249961352539 220.49371631789171033 235.89481939909120456 599.26392821659658239
235 142.73038092328474136 219.54788722508845922 234.8843042939696204 597.16257244234282098
235.5 142.12383321640680833 218.60796948973822396 233.88070465638489281 594.61250736252986826
236 141.5207059457765979 217.67395904742301127 232.88368253368270189 592.07834752688233948
236.5 141.43227345744639933 216.74568503122841889 231.89269817011236796 590.07065665878712935
237 141.69517886758268332 215.82313892622406115 230.90761737979735813 588.4259351736041026
237.5 144.90532276132108791 215.41743876960555326 237.30662881561738686 597.62939034654391435
238 151.04351224747034621 215.99915026497407666 244.64923572948950437 611.69189824193381355
238.5 160.0906059567490729 217.56154092668646172 252.92904955286067548 630.58119643629606799
239 172.02747243745992023 220.09809350220885449 262.13954250142853653 654.26510844109736809
239.5 186.83531250623184405 223.60242001956686408 272.27462863673144966 682.71236116253021464
240 186.52859101264601804 222.65981881308510992 269.62120074856613883 678.80961057429715311
240.5 185.75240247113720216 221.72253769772481746 268.48270905766509031 675.95764922652733731
241 184.98057123786057332 216.79877655205703491 267.35043240940797205 669.12978019932597817
241.5 184.2134578279751338 215.84302371850279201 266.22522841027642926 666.28170995675429822
242 183.45113030243535945 218.82912634683259512 266.48930891124473419 668.76956556051266034
242.5 182.69387647940078523 225.730960967296852 267.73817406931175356 676.1630115160095329
243 181.94189858768484669 236.52276073785239419 269.96624879978844547 688.43090812532568634
243.5 181.19507631457523189 251.1792764151585402 273.16774280474072611 705.54209553447469716
244 180.45341054778756984 254.2510941619778464 277.33621212204047879 712.04071683180598029
244.5 179.71660793071757212 259.73912613618699652 282.46528903071549621 721.92102309761980905
245 178.98428444024938244 258.65842198602229018 281.30792130773170356 718.95062773400331935
245.5 178.25580480991908416 257.58463826817450126 280.15779026162095988 715.99823333971437478
246 177.53090180437311574 258.9955617881378771 279.97911287979547978 716.50557647230641578
246.5 176.80918873355699361 261.38385976946278788 274.87487102924450255 713.06791953226411351
247 176.09050922691608321 264.74407259988544183 271.76978415633584518 712.60436598313742707
247.5 175.37480890705921865 269.07031862676569745 270.65065908726273847 715.09578662108799563
248 174.66221279831390234 273.96792981897948493 271.50435541219894731 720.13449802949219247
248.5 173.95288732062212489 281.79001887228571377 274.31794560667799487 730.06085179958597564
249 173.2469831838214418 292.51742417568323162 279.07891552472636931 744.84332288423115642
249.5 173.07782491860368168 306.13064504640715313 285.77536839064106289 764.98383835565198297
250 172.37784485658136191 304.89676956392042939 284.60695207957178354 761.881566500073518
66500073518
